2025-04-04 12:41:21.467490 - Received SBGOLOB.CBT509.FILE612 from FILE612.XMI 
2025-04-04 12:41:21.469662 - Found $$$#DATE.txt (text/plain) in SBGOLOB.CBT509.FILE612, moved to PDS/$$$#DATE
2025-04-04 12:41:21.469819 - Found $$NOTE01.txt (text/plain) in SBGOLOB.CBT509.FILE612, moved to PDS/$$NOTE01
2025-04-04 12:41:21.469959 - Found $$NOTE02.txt (text/plain) in SBGOLOB.CBT509.FILE612, moved to PDS/$$NOTE02
2025-04-04 12:41:21.470083 - Found $$NOTE03.eml (message/rfc822) in SBGOLOB.CBT509.FILE612, moved to PDS/$$NOTE03
2025-04-04 12:41:21.470201 - Found $$NOTE04.txt (text/plain) in SBGOLOB.CBT509.FILE612, moved to PDS/$$NOTE04
2025-04-04 12:41:21.470353 - Found @FILE612.txt (text/plain) in SBGOLOB.CBT509.FILE612, moved to PDS/@FILE612
2025-04-04 12:41:21.470503 - Found ALOCLPA.rexx (text/plain) in SBGOLOB.CBT509.FILE612, moved to PDS/ALOCLPA
2025-04-04 12:41:21.470648 - Found ASSEMBLE.jcl (text/plain) in SBGOLOB.CBT509.FILE612, moved to PDS/ASSEMBLE
2025-04-04 12:41:21.470772 - Found AVAILAS.rexx (text/plain) in SBGOLOB.CBT509.FILE612, moved to PDS/AVAILAS
2025-04-04 12:41:21.470915 - Found BLOCATE.txt (text/plain) in SBGOLOB.CBT509.FILE612, moved to PDS/BLOCATE
2025-04-04 12:41:21.471047 - Found CATNEWDS.txt (text/plain) in SBGOLOB.CBT509.FILE612, moved to PDS/CATNEWDS
2025-04-04 12:41:21.471165 - Found CHKMEM.rexx (text/plain) in SBGOLOB.CBT509.FILE612, moved to PDS/CHKMEM
2025-04-04 12:41:21.471281 - Found DELINUS$.jcl (text/plain) in SBGOLOB.CBT509.FILE612, moved to PDS/DELINUS$
2025-04-04 12:41:21.471408 - Found DELINUSE.txt (text/plain) in SBGOLOB.CBT509.FILE612, moved to PDS/DELINUSE
2025-04-04 12:41:21.471528 - Found DELINUSJ.jcl (text/plain) in SBGOLOB.CBT509.FILE612, moved to PDS/DELINUSJ
2025-04-04 12:41:21.471672 - Found DSPACE.txt (text/plain) in SBGOLOB.CBT509.FILE612, moved to PDS/DSPACE
2025-04-04 12:41:21.471815 - Found DUDASD.txt (text/plain) in SBGOLOB.CBT509.FILE612, moved to PDS/DUDASD
2025-04-04 12:41:21.471965 - Found DUDASD$.jcl (text/plain) in SBGOLOB.CBT509.FILE612, moved to PDS/DUDASD$
2025-04-04 12:41:21.472105 - Found DUDASD01.txt (text/plain) in SBGOLOB.CBT509.FILE612, moved to PDS/DUDASD01
2025-04-04 12:41:21.472242 - Found HDSPACE.txt (text/plain) in SBGOLOB.CBT509.FILE612, moved to PDS/HDSPACE
2025-04-04 12:41:21.472369 - Found HDUDASD.txt (text/plain) in SBGOLOB.CBT509.FILE612, moved to PDS/HDUDASD
2025-04-04 12:41:21.472502 - Found HFINDCMD.txt (text/plain) in SBGOLOB.CBT509.FILE612, moved to PDS/HFINDCMD
2025-04-04 12:41:21.472630 - Found HFINDPRG.txt (text/plain) in SBGOLOB.CBT509.FILE612, moved to PDS/HFINDPRG
2025-04-04 12:41:21.472815 - Found HLOCATE.txt (text/plain) in SBGOLOB.CBT509.FILE612, moved to PDS/HLOCATE
2025-04-04 12:41:21.473009 - Found ISPFST.rexx (text/plain) in SBGOLOB.CBT509.FILE612, moved to PDS/ISPFST
2025-04-04 12:41:21.473144 - Found IXVTOC.jcl (text/plain) in SBGOLOB.CBT509.FILE612, moved to PDS/IXVTOC
2025-04-04 12:41:21.473280 - Found JBLOCATE.jcl (text/plain) in SBGOLOB.CBT509.FILE612, moved to PDS/JBLOCATE
2025-04-04 12:41:21.473417 - Found JCATNEWD.jcl (text/plain) in SBGOLOB.CBT509.FILE612, moved to PDS/JCATNEWD
2025-04-04 12:41:21.473539 - Found JCL1.jcl (text/plain) in SBGOLOB.CBT509.FILE612, moved to PDS/JCL1
2025-04-04 12:41:21.473666 - Found JCL2.jcl (text/plain) in SBGOLOB.CBT509.FILE612, moved to PDS/JCL2
2025-04-04 12:41:21.473795 - Found JCL3.jcl (text/plain) in SBGOLOB.CBT509.FILE612, moved to PDS/JCL3
2025-04-04 12:41:21.473919 - Found JDATE.rexx (text/plain) in SBGOLOB.CBT509.FILE612, moved to PDS/JDATE
2025-04-04 12:41:21.474040 - Found JDELINUS.jcl (text/plain) in SBGOLOB.CBT509.FILE612, moved to PDS/JDELINUS
2025-04-04 12:41:21.474162 - Found JDSPACE.jcl (text/plain) in SBGOLOB.CBT509.FILE612, moved to PDS/JDSPACE
2025-04-04 12:41:21.474406 - Found JLISTPDS.jcl (text/plain) in SBGOLOB.CBT509.FILE612, moved to PDS/JLISTPDS
2025-04-04 12:41:21.474574 - Found JSHOWPPT.jcl (text/plain) in SBGOLOB.CBT509.FILE612, moved to PDS/JSHOWPPT
2025-04-04 12:41:21.474701 - Found JSLOPRNT.jcl (text/plain) in SBGOLOB.CBT509.FILE612, moved to PDS/JSLOPRNT
2025-04-04 12:41:21.474835 - Found JSRCHLOG.jcl (text/plain) in SBGOLOB.CBT509.FILE612, moved to PDS/JSRCHLOG
2025-04-04 12:41:21.474954 - Found JSYSINCD.jcl (text/plain) in SBGOLOB.CBT509.FILE612, moved to PDS/JSYSINCD
2025-04-04 12:41:21.475104 - Found LISTPDS.txt (text/plain) in SBGOLOB.CBT509.FILE612, moved to PDS/LISTPDS
2025-04-04 12:41:21.475292 - Found LOAD.xmi (application/xmit) in SBGOLOB.CBT509.FILE612, moved to PDS/LOAD.xmi
2025-04-04 12:41:21.519182 - Received ZSYSCCP.FILE612.LOAD from LOAD.xmi 
2025-04-04 12:41:21.519974 - Found ASAM1MSP.bin (application/octet-stream) in ZSYSCCP.FILE612.LOAD, moved to LOAD/ASAM1MSP
2025-04-04 12:41:21.520101 - Found BLOCATE.bin (application/octet-stream) in ZSYSCCP.FILE612.LOAD, moved to LOAD/BLOCATE
2025-04-04 12:41:21.520226 - Found CATNEWDS.bin (application/octet-stream) in ZSYSCCP.FILE612.LOAD, moved to LOAD/CATNEWDS
2025-04-04 12:41:21.520341 - Found CLRSCRN.bin (application/octet-stream) in ZSYSCCP.FILE612.LOAD, moved to LOAD/CLRSCRN
2025-04-04 12:41:21.520469 - Found DELINUSE.bin (application/octet-stream) in ZSYSCCP.FILE612.LOAD, moved to LOAD/DELINUSE
2025-04-04 12:41:21.520601 - Found DSPACE.bin (application/octet-stream) in ZSYSCCP.FILE612.LOAD, moved to LOAD/DSPACE
2025-04-04 12:41:21.520654 - Found alias DUA to DUDASD in ZSYSCCP.FILE612.LOAD, moved to PDS/DUA
2025-04-04 12:41:21.520762 - Found DUDASD.bin (application/octet-stream) in ZSYSCCP.FILE612.LOAD, moved to LOAD/DUDASD
2025-04-04 12:41:21.520809 - Found alias DUO to DUDASD in ZSYSCCP.FILE612.LOAD, moved to PDS/DUO
2025-04-04 12:41:21.520850 - Found alias EMPTYDSK to DSPACE in ZSYSCCP.FILE612.LOAD, moved to PDS/EMPTYDSK
2025-04-04 12:41:21.520890 - Found alias FINDCMD to LOCATE in ZSYSCCP.FILE612.LOAD, moved to PDS/FINDCMD
2025-04-04 12:41:21.520930 - Found alias FINDPRG to LOCATE in ZSYSCCP.FILE612.LOAD, moved to PDS/FINDPRG
2025-04-04 12:41:21.521062 - Found LISTPDS.bin (application/octet-stream) in ZSYSCCP.FILE612.LOAD, moved to LOAD/LISTPDS
2025-04-04 12:41:21.521216 - Found LOCATE.bin (application/octet-stream) in ZSYSCCP.FILE612.LOAD, moved to LOAD/LOCATE
2025-04-04 12:41:21.521260 - Found alias M01 to DSPACE in ZSYSCCP.FILE612.LOAD, moved to PDS/M01
2025-04-04 12:41:21.521300 - Found alias M02 to DSPACE in ZSYSCCP.FILE612.LOAD, moved to PDS/M02
2025-04-04 12:41:21.521339 - Found alias M03 to DSPACE in ZSYSCCP.FILE612.LOAD, moved to PDS/M03
2025-04-04 12:41:21.521380 - Found alias M09 to DSPACE in ZSYSCCP.FILE612.LOAD, moved to PDS/M09
2025-04-04 12:41:21.521418 - Found alias M27 to DSPACE in ZSYSCCP.FILE612.LOAD, moved to PDS/M27
2025-04-04 12:41:21.521458 - Found alias M54 to DSPACE in ZSYSCCP.FILE612.LOAD, moved to PDS/M54
2025-04-04 12:41:21.521501 - Found alias PARMCARD to SYSINCRD in ZSYSCCP.FILE612.LOAD, moved to PDS/PARMCARD
2025-04-04 12:41:21.521614 - Found RXWBCSML.bin (application/octet-stream) in ZSYSCCP.FILE612.LOAD, moved to LOAD/RXWBCSML
2025-04-04 12:41:21.521726 - Found SHOWASM.bin (application/octet-stream) in ZSYSCCP.FILE612.LOAD, moved to LOAD/SHOWASM
2025-04-04 12:41:21.521854 - Found SHOWPPT.bin (application/octet-stream) in ZSYSCCP.FILE612.LOAD, moved to LOAD/SHOWPPT
2025-04-04 12:41:21.522036 - Found SLOPRINT.bin (application/octet-stream) in ZSYSCCP.FILE612.LOAD, moved to LOAD/SLOPRINT
2025-04-04 12:41:21.522150 - Found SRCHLOG.bin (application/octet-stream) in ZSYSCCP.FILE612.LOAD, moved to LOAD/SRCHLOG
2025-04-04 12:41:21.522264 - Found SRCHLOGF.bin (application/octet-stream) in ZSYSCCP.FILE612.LOAD, moved to LOAD/SRCHLOGF
2025-04-04 12:41:21.522377 - Found SYSINCRD.bin (application/octet-stream) in ZSYSCCP.FILE612.LOAD, moved to LOAD/SYSINCRD
2025-04-04 12:41:21.522488 - Found TOD.bin (application/octet-stream) in ZSYSCCP.FILE612.LOAD, moved to LOAD/TOD
2025-04-04 12:41:21.522615 - Found TODCLOCK.bin (application/octet-stream) in ZSYSCCP.FILE612.LOAD, moved to LOAD/TODCLOCK
2025-04-04 12:41:21.522661 - Found alias VOLS to DSPACE in ZSYSCCP.FILE612.LOAD, moved to PDS/VOLS
2025-04-04 12:41:21.522800 - Found WEIRXLM.bin (application/octet-stream) in ZSYSCCP.FILE612.LOAD, moved to LOAD/WEIRXLM
2025-04-04 12:41:21.522948 - Found WEIRXMLM.bin (application/octet-stream) in ZSYSCCP.FILE612.LOAD, moved to LOAD/WEIRXMLM
2025-04-04 12:41:21.523087 - Found XAMAP.bin (application/octet-stream) in ZSYSCCP.FILE612.LOAD, moved to LOAD/XAMAP
2025-04-04 12:41:21.524226 - Found LOAD$.jcl (text/plain) in SBGOLOB.CBT509.FILE612, moved to PDS/LOAD$
2025-04-04 12:41:21.524592 - Found LOCATE.txt (text/plain) in SBGOLOB.CBT509.FILE612, moved to PDS/LOCATE
2025-04-04 12:41:21.524711 - Found LOCATE$.jcl (text/plain) in SBGOLOB.CBT509.FILE612, moved to PDS/LOCATE$
2025-04-04 12:41:21.524823 - Found LOCATEO.txt (text/plain) in SBGOLOB.CBT509.FILE612, moved to PDS/LOCATEO
2025-04-04 12:41:21.524965 - Found LPALIB.txt (text/plain) in SBGOLOB.CBT509.FILE612, moved to PDS/LPALIB
2025-04-04 12:41:21.525108 - Found OLDMACS.txt (text/plain) in SBGOLOB.CBT509.FILE612, moved to PDS/OLDMACS
2025-04-04 12:41:21.525223 - Found OSVTOC.jcl (text/plain) in SBGOLOB.CBT509.FILE612, moved to PDS/OSVTOC
2025-04-04 12:41:21.525335 - Found QIODF.rexx (text/plain) in SBGOLOB.CBT509.FILE612, moved to PDS/QIODF
2025-04-04 12:41:21.525447 - Found REGSIZE.rexx (text/plain) in SBGOLOB.CBT509.FILE612, moved to PDS/REGSIZE
2025-04-04 12:41:21.525570 - Found SHOWPPT.txt (text/plain) in SBGOLOB.CBT509.FILE612, moved to PDS/SHOWPPT
2025-04-04 12:41:21.525684 - Found SHOWPPT$.jcl (text/plain) in SBGOLOB.CBT509.FILE612, moved to PDS/SHOWPPT$
2025-04-04 12:41:21.525797 - Found SLOPRNT.txt (text/plain) in SBGOLOB.CBT509.FILE612, moved to PDS/SLOPRNT
2025-04-04 12:41:21.525909 - Found SRCHLOG.txt (text/plain) in SBGOLOB.CBT509.FILE612, moved to PDS/SRCHLOG
2025-04-04 12:41:21.526049 - Found SRCHLOG@.txt (text/plain) in SBGOLOB.CBT509.FILE612, moved to PDS/SRCHLOG@
2025-04-04 12:41:21.526170 - Found SRCHLOGF.txt (text/plain) in SBGOLOB.CBT509.FILE612, moved to PDS/SRCHLOGF
2025-04-04 12:41:21.526280 - Found SVCNO.rexx (text/plain) in SBGOLOB.CBT509.FILE612, moved to PDS/SVCNO
2025-04-04 12:41:21.526421 - Found SVCUPDTE.rexx (text/plain) in SBGOLOB.CBT509.FILE612, moved to PDS/SVCUPDTE
2025-04-04 12:41:21.526560 - Found SYSINCRD.txt (text/plain) in SBGOLOB.CBT509.FILE612, moved to PDS/SYSINCRD
2025-04-04 12:41:21.526669 - Found TRAP.txt (text/plain) in SBGOLOB.CBT509.FILE612, moved to PDS/TRAP
2025-04-04 12:41:21.526781 - Found VIEWPARM.rexx (text/plain) in SBGOLOB.CBT509.FILE612, moved to PDS/VIEWPARM
